<?xml version="1.0" encoding="UTF-8"?>
<!-- Generated by org.testng.reporters.JUnitReportReporter -->
<testsuite hostname="KrzysiekD" failures="0" tests="1" name="frontend.ExampleFrontendTest" time="5.096" errors="0" timestamp="2025-08-08T14:23:51 CEST" skipped="0">
  <testcase classname="frontend.ExampleFrontendTest" name="ifNewUserSuccessfullyRegister" time="5.096"/>
  <system-out/>
</testsuite> <!-- frontend.ExampleFrontendTest -->
