<?xml version="1.0" encoding="UTF-8"?>
<!-- Generated by org.testng.reporters.JUnitReportReporter -->
<testsuite hostname="KrzysiekD" failures="0" tests="1" name="frontend.ExampleFrontendTest" time="8.779" errors="0" timestamp="2025-07-29T20:55:48 CEST" skipped="0">
  <testcase classname="frontend.ExampleFrontendTest" name="ifNewUserSuccessfullyRegister" time="8.779"/>
  <system-out/>
</testsuite> <!-- frontend.ExampleFrontendTest -->
